Failed to generate tool call example: Value is not callable: null at row 1, column 72:
<|im_start|>{% for message in messages %}{{message['role'] | capitalize}}{% if message['content'][0]['type'] == 'image' %}{{':'}}{% else %}{{': '}}{% endif %}{% for line in message['content'] %}{% if line['type'] == 'text' %}{{line['text']}}{% elif line['type'] == 'image' %}{{ '<image>' }}{% endif %}{% endfor %}<end_of_utterance>
                                                                       ^
{% endfor %}{% if add_generation_prompt %}{{ 'Assistant:' }}{% endif %}
 at row 1, column 42:
<|im_start|>{% for message in messages %}{{message['role'] | capitalize}}{% if message['content'][0]['type'] == 'image' %}{{':'}}{% else %}{{': '}}{% endif %}{% for line in message['content'] %}{% if line['type'] == 'text' %}{{line['text']}}{% elif line['type'] == 'image' %}{{ '<image>' }}{% endif %}{% endfor %}<end_of_utterance>
                                         ^
{% endfor %}{% if add_generation_prompt %}{{ 'Assistant:' }}{% endif %}
 at row 1, column 42:
<|im_start|>{% for message in messages %}{{message['role'] | capitalize}}{% if message['content'][0]['type'] == 'image' %}{{':'}}{% else %}{{': '}}{% endif %}{% for line in message['content'] %}{% if line['type'] == 'text' %}{{line['text']}}{% elif line['type'] == 'image' %}{{ '<image>' }}{% endif %}{% endfor %}<end_of_utterance>
                                         ^
{% endfor %}{% if add_generation_prompt %}{{ 'Assistant:' }}{% endif %}
 at row 1, column 13:
<|im_start|>{% for message in messages %}{{message['role'] | capitalize}}{% if message['content'][0]['type'] == 'image' %}{{':'}}{% else %}{{': '}}{% endif %}{% for line in message['content'] %}{% if line['type'] == 'text' %}{{line['text']}}{% elif line['type'] == 'image' %}{{ '<image>' }}{% endif %}{% endfor %}<end_of_utterance>
            ^
{% endfor %}{% if add_generation_prompt %}{{ 'Assistant:' }}{% endif %}
 at row 1, column 1:
<|im_start|>{% for message in messages %}{{message['role'] | capitalize}}{% if message['content'][0]['type'] == 'image' %}{{':'}}{% else %}{{': '}}{% endif %}{% for line in message['content'] %}{% if line['type'] == 'text' %}{{line['text']}}{% elif line['type'] == 'image' %}{{ '<image>' }}{% endif %}{% endfor %}<end_of_utterance>
^
{% endfor %}{% if add_generation_prompt %}{{ 'Assistant:' }}{% endif %}

clip_model_loader: model name:   SmolVLM 500M Instruct
clip_model_loader: description:  
clip_model_loader: GGUF version: 3
clip_model_loader: alignment:    32
clip_model_loader: n_tensors:    198
clip_model_loader: n_kv:         40

clip_model_loader: has vision encoder
clip_ctx: CLIP using Metal backend
load_hparams: projector:          idefics3
load_hparams: n_embd:             768
load_hparams: n_head:             12
load_hparams: n_ff:               3072
load_hparams: n_layer:            12
load_hparams: ffn_op:             gelu
load_hparams: projection_dim:     960

--- vision hparams ---
load_hparams: image_size:         512
load_hparams: patch_size:         16
load_hparams: has_llava_proj:     0
load_hparams: minicpmv_version:   0
load_hparams: proj_scale_factor:  4
load_hparams: n_wa_pattern:       0

load_hparams: model size:         103.73 MiB
load_hparams: metadata size:      0.07 MiB
alloc_compute_meta:      Metal compute buffer size =    60.00 MiB
alloc_compute_meta:        CPU compute buffer size =     6.00 MiB
